<?xml version="1.0" encoding="UTF-8"?>
<testng-results skipped="0" failed="0" ignored="0" total="1" passed="1">
  <reporter-output>
  </reporter-output>
  <suite name="Default suite" duration-ms="1195" started-at="2020-10-05T14:53:46Z" finished-at="2020-10-05T14:53:47Z">
    <groups>
    </groups>
    <test name="Default test" duration-ms="1195" started-at="2020-10-05T14:53:46Z" finished-at="2020-10-05T14:53:47Z">
      <class name="com.qa.test.GetAPITest">
        <test-method status="PASS" signature="setUp()[pri:0, instance:com.qa.test.GetAPITest@58651fd0]" name="setUp" is-config="true" duration-ms="7" started-at="2020-10-05T14:53:46Z" finished-at="2020-10-05T14:53:46Z">
          <reporter-output>
          </reporter-output>
        </test-method> <!-- setUp -->
        <test-method status="PASS" signature="getAPITest()[pri:0, instance:com.qa.test.GetAPITest@58651fd0]" name="getAPITest" duration-ms="1155" started-at="2020-10-05T14:53:46Z" finished-at="2020-10-05T14:53:47Z">
          <reporter-output>
          </reporter-output>
        </test-method> <!-- getAPITest -->
      </class> <!-- com.qa.test.GetAPITest -->
    </test> <!-- Default test -->
  </suite> <!-- Default suite -->
</testng-results>
